<?xml version="1.0" encoding="UTF-8"?>
<!-- Generated by org.testng.reporters.JUnitXMLReporter -->
<testsuite hostname="ThinkPad-PC" name="LoginWithEmailTest" tests="3" failures="0" timestamp="5 Jul 2016 07:10:06 GMT" time="0.078" errors="0">
  <testcase name="@BeforeClass setUp" time="0.0" classname="co.rchive.test.spec.beforelogin.SignUpTest">
    <failure type="org.testng.TestNGException" message="
Parameter &amp;apos;browser&amp;apos; is required by @Configuration on method setUp but has not been marked @Optional or defined
in F:\rchiveAutomation_TestNG\TestNG.xml">
      <![CDATA[org.testng.TestNGException: 
Parameter 'browser' is required by @Configuration on method setUp but has not been marked @Optional or defined
in F:\rchiveAutomation_TestNG\TestNG.xml
... Removed 21 stack frames]]>
    </failure>
  </testcase> <!-- @BeforeClass setUp -->
  <testcase name="@AfterClass tearDown" time="0.0" classname="co.rchive.test.spec.beforelogin.SignUpTest">
    <skipped/>
  </testcase> <!-- @AfterClass tearDown -->
  <testcase name="@BeforeClass setUp" time="0.0" classname="co.rchive.test.spec.myconnections.SendConnectionRequestTest">
    <skipped/>
  </testcase> <!-- @BeforeClass setUp -->
  <testcase name="@AfterClass tearDown" time="0.0" classname="co.rchive.test.spec.myconnections.SendConnectionRequestTest">
    <skipped/>
  </testcase> <!-- @AfterClass tearDown -->
  <testcase name="@BeforeClass setUp" time="0.0" classname="co.rchive.test.spec.verifyemails.VerifySignUpEmailLinkTest">
    <skipped/>
  </testcase> <!-- @BeforeClass setUp -->
  <testcase name="@AfterClass tearDown" time="0.0" classname="co.rchive.test.spec.verifyemails.VerifySignUpEmailLinkTest">
    <skipped/>
  </testcase> <!-- @AfterClass tearDown -->
  <testcase name="SignUpWithEmail" time="0.005" classname="co.rchive.test.spec.beforelogin.SignUpTest">
    <skipped/>
  </testcase> <!-- SignUpWithEmail -->
  <testcase name="sendconnectionRequest" time="0.0" classname="co.rchive.test.spec.myconnections.SendConnectionRequestTest">
    <skipped/>
  </testcase> <!-- sendconnectionRequest -->
  <testcase name="verifyEmailforSignUp" time="0.0" classname="co.rchive.test.spec.verifyemails.VerifySignUpEmailLinkTest">
    <skipped/>
  </testcase> <!-- verifyEmailforSignUp -->
</testsuite> <!-- LoginWithEmailTest -->
