<html>
<head>
<title>TestNG:  SignUpTest</title>
<link href="../testng.css" rel="stylesheet" type="text/css" />
<link href="../my-testng.css" rel="stylesheet" type="text/css" />

<style type="text/css">
.log { display: none;} 
.stack-trace { display: none;} 
</style>
<script type="text/javascript">
<!--
function flip(e) {
  current = e.style.display;
  if (current == 'block') {
    e.style.display = 'none';
    return 0;
  }
  else {
    e.style.display = 'block';
    return 1;
  }
}

function toggleBox(szDivId, elem, msg1, msg2)
{
  var res = -1;  if (document.getElementById) {
    res = flip(document.getElementById(szDivId));
  }
  else if (document.all) {
    // this is the way old msie versions work
    res = flip(document.all[szDivId]);
  }
  if(elem) {
    if(res == 0) elem.innerHTML = msg1; else elem.innerHTML = msg2;
  }

}

function toggleAllBoxes() {
  if (document.getElementsByTagName) {
    d = document.getElementsByTagName('div');
    for (i = 0; i < d.length; i++) {
      if (d[i].className == 'log') {
        flip(d[i]);
      }
    }
  }
}

// -->
</script>

</head>
<body>
<h2 align='center'>SignUpTest</h2><table border='1' align="center">
<tr>
<td>Tests passed/Failed/Skipped:</td><td>0/0/3</td>
</tr><tr>
<td>Started on:</td><td>Tue Jul 05 12:56:26 IST 2016</td>
</tr>
<tr><td>Total time:</td><td>0 seconds (76 ms)</td>
</tr><tr>
<td>Included groups:</td><td></td>
</tr><tr>
<td>Excluded groups:</td><td></td>
</tr>
</table><p/>
<small><i>(Hover the method name to see the test class name)</i></small><p/>
<table width='100%' border='1' class='invocation-failed'>
<tr><td colspan='4' align='center'><b>FAILED CONFIGURATIONS</b></td></tr>
<tr><td><b>Test method</b></td>
<td width="30%"><b>Exception</b></td>
<td width="10%"><b>Time (seconds)</b></td>
<td><b>Instance</b></td>
</tr>
<tr>
<td title='co.rchive.test.spec.beforelogin.SignUpTest.setUp()'><b>setUp</b><br>Test class: co.rchive.test.spec.beforelogin.SignUpTest</td>
<td><div><pre>org.testng.TestNGException: 
Parameter &apos;browser&apos; is required by @Configuration on method setUp but has not been marked @Optional or defined
in F:\rchiveAutomation_TestNG\TestNG.xml
... Removed 21 stack frames</pre></div><a href='#' onClick='toggleBox("stack-trace1531333864", this, "Click to show all stack frames", "Click to hide stack frames")'>Click to show all stack frames</a>
<div class='stack-trace' id='stack-trace1531333864'><pre>org.testng.TestNGException: 
Parameter &apos;browser&apos; is required by @Configuration on method setUp but has not been marked @Optional or defined
in F:\rchiveAutomation_TestNG\TestNG.xml
	at org.testng.internal.Parameters.createParameters(Parameters.java:154)
	at org.testng.internal.Parameters.createParameters(Parameters.java:361)
	at org.testng.internal.Parameters.createConfigurationParameters(Parameters.java:84)
	at org.testng.internal.Invoker.invokeConfigurations(Invoker.java:201)
	at org.testng.internal.Invoker.invokeConfigurations(Invoker.java:142)
	at org.testng.internal.TestMethodWorker.invokeBeforeClassMethods(TestMethodWorker.java:178)
	at org.testng.internal.TestMethodWorker.run(TestMethodWorker.java:108)
	at org.testng.TestRunner.privateRun(TestRunner.java:782)
	at org.testng.TestRunner.run(TestRunner.java:632)
	at org.testng.SuiteRunner.runTest(SuiteRunner.java:366)
	at org.testng.SuiteRunner.runSequentially(SuiteRunner.java:361)
	at org.testng.SuiteRunner.privateRun(SuiteRunner.java:319)
	at org.testng.SuiteRunner.run(SuiteRunner.java:268)
	at org.testng.SuiteRunnerWorker.runSuite(SuiteRunnerWorker.java:52)
	at org.testng.SuiteRunnerWorker.run(SuiteRunnerWorker.java:86)
	at org.testng.TestNG.runSuitesSequentially(TestNG.java:1244)
	at org.testng.TestNG.runSuitesLocally(TestNG.java:1169)
	at org.testng.TestNG.run(TestNG.java:1064)
	at org.testng.remote.RemoteTestNG.run(RemoteTestNG.java:113)
	at org.testng.remote.RemoteTestNG.initAndRun(RemoteTestNG.java:206)
	at org.testng.remote.RemoteTestNG.main(RemoteTestNG.java:177)
</pre></div></td>
<td>0</td>
<td>co.rchive.test.spec.beforelogin.SignUpTest@34340fab</td></tr>
</table><p>
<table width='100%' border='1' class='invocation-skipped'>
<tr><td colspan='4' align='center'><b>SKIPPED CONFIGURATIONS</b></td></tr>
<tr><td><b>Test method</b></td>
<td width="30%"><b>Exception</b></td>
<td width="10%"><b>Time (seconds)</b></td>
<td><b>Instance</b></td>
</tr>
<tr>
<td title='co.rchive.test.spec.myconnections.SendConnectionRequestTest.setUp()'><b>setUp</b><br>Test class: co.rchive.test.spec.myconnections.SendConnectionRequestTest</td>
<td></td>
<td>0</td>
<td>co.rchive.test.spec.myconnections.SendConnectionRequestTest@2b80d80f</td></tr>
<tr>
<td title='co.rchive.test.spec.verifyemails.VerifySignUpEmailLinkTest.setUp()'><b>setUp</b><br>Test class: co.rchive.test.spec.verifyemails.VerifySignUpEmailLinkTest</td>
<td></td>
<td>0</td>
<td>co.rchive.test.spec.verifyemails.VerifySignUpEmailLinkTest@2aafb23c</td></tr>
<tr>
<td title='co.rchive.test.spec.beforelogin.SignUpTest.tearDown()'><b>tearDown</b><br>Test class: co.rchive.test.spec.beforelogin.SignUpTest</td>
<td></td>
<td>0</td>
<td>co.rchive.test.spec.beforelogin.SignUpTest@34340fab</td></tr>
<tr>
<td title='co.rchive.test.spec.myconnections.SendConnectionRequestTest.tearDown()'><b>tearDown</b><br>Test class: co.rchive.test.spec.myconnections.SendConnectionRequestTest</td>
<td></td>
<td>0</td>
<td>co.rchive.test.spec.myconnections.SendConnectionRequestTest@2b80d80f</td></tr>
<tr>
<td title='co.rchive.test.spec.verifyemails.VerifySignUpEmailLinkTest.tearDown()'><b>tearDown</b><br>Test class: co.rchive.test.spec.verifyemails.VerifySignUpEmailLinkTest</td>
<td></td>
<td>0</td>
<td>co.rchive.test.spec.verifyemails.VerifySignUpEmailLinkTest@2aafb23c</td></tr>
</table><p>
<table width='100%' border='1' class='invocation-skipped'>
<tr><td colspan='4' align='center'><b>SKIPPED TESTS</b></td></tr>
<tr><td><b>Test method</b></td>
<td width="30%"><b>Exception</b></td>
<td width="10%"><b>Time (seconds)</b></td>
<td><b>Instance</b></td>
</tr>
<tr>
<td title='co.rchive.test.spec.beforelogin.SignUpTest.SignUpWithEmail()'><b>SignUpWithEmail</b><br>Test class: co.rchive.test.spec.beforelogin.SignUpTest</td>
<td></td>
<td>0</td>
<td>co.rchive.test.spec.beforelogin.SignUpTest@34340fab</td></tr>
<tr>
<td title='co.rchive.test.spec.myconnections.SendConnectionRequestTest.sendconnectionRequest()'><b>sendconnectionRequest</b><br>Test class: co.rchive.test.spec.myconnections.SendConnectionRequestTest</td>
<td><div><pre>org.testng.TestNGException: 
Parameter &apos;loginEmail&apos; is required by @Test on method sendconnectionRequest but has not been marked @Optional or defined
in F:\rchiveAutomation_TestNG\TestNG.xml
... Removed 22 stack frames</pre></div><a href='#' onClick='toggleBox("stack-trace1698156408", this, "Click to show all stack frames", "Click to hide stack frames")'>Click to show all stack frames</a>
<div class='stack-trace' id='stack-trace1698156408'><pre>org.testng.TestNGException: 
Parameter &apos;loginEmail&apos; is required by @Test on method sendconnectionRequest but has not been marked @Optional or defined
in F:\rchiveAutomation_TestNG\TestNG.xml
	at org.testng.internal.Parameters.createParameters(Parameters.java:154)
	at org.testng.internal.Parameters.createParameters(Parameters.java:361)
	at org.testng.internal.Parameters.handleParameters(Parameters.java:451)
	at org.testng.internal.Invoker.handleParameters(Invoker.java:1274)
	at org.testng.internal.Invoker.createParameters(Invoker.java:989)
	at org.testng.internal.Invoker.invokeTestMethods(Invoker.java:1079)
	at org.testng.internal.TestMethodWorker.invokeTestMethods(TestMethodWorker.java:129)
	at org.testng.internal.TestMethodWorker.run(TestMethodWorker.java:112)
	at org.testng.TestRunner.privateRun(TestRunner.java:782)
	at org.testng.TestRunner.run(TestRunner.java:632)
	at org.testng.SuiteRunner.runTest(SuiteRunner.java:366)
	at org.testng.SuiteRunner.runSequentially(SuiteRunner.java:361)
	at org.testng.SuiteRunner.privateRun(SuiteRunner.java:319)
	at org.testng.SuiteRunner.run(SuiteRunner.java:268)
	at org.testng.SuiteRunnerWorker.runSuite(SuiteRunnerWorker.java:52)
	at org.testng.SuiteRunnerWorker.run(SuiteRunnerWorker.java:86)
	at org.testng.TestNG.runSuitesSequentially(TestNG.java:1244)
	at org.testng.TestNG.runSuitesLocally(TestNG.java:1169)
	at org.testng.TestNG.run(TestNG.java:1064)
	at org.testng.remote.RemoteTestNG.run(RemoteTestNG.java:113)
	at org.testng.remote.RemoteTestNG.initAndRun(RemoteTestNG.java:206)
	at org.testng.remote.RemoteTestNG.main(RemoteTestNG.java:177)
</pre></div></td>
<td>0</td>
<td>co.rchive.test.spec.myconnections.SendConnectionRequestTest@2b80d80f</td></tr>
<tr>
<td title='co.rchive.test.spec.verifyemails.VerifySignUpEmailLinkTest.verifyEmailforSignUp()'><b>verifyEmailforSignUp</b><br>Test class: co.rchive.test.spec.verifyemails.VerifySignUpEmailLinkTest</td>
<td></td>
<td>0</td>
<td>co.rchive.test.spec.verifyemails.VerifySignUpEmailLinkTest@2aafb23c</td></tr>
</table><p>
</body>
</html>