<!DOCTYPE html PUBLIC "-//W3C//DTD XHTML 1.1//EN" "http://www.w3.org/TR/xhtml11/DTD/xhtml11.dtd">
<html xmlns="http://www.w3.org/1999/xhtml"><head><title>TestNG Report</title><style type="text/css">table {margin-bottom:10px;border-collapse:collapse;empty-cells:show}th,td {border:1px solid #009;padding:.25em .5em}th {vertical-align:bottom}td {vertical-align:top}table a {font-weight:bold}.stripe td {background-color: #E6EBF9}.num {text-align:right}.passedodd td {background-color: #3F3}.passedeven td {background-color: #0A0}.skippedodd td {background-color: #DDD}.skippedeven td {background-color: #CCC}.failedodd td,.attn {background-color: #F33}.failedeven td,.stripe .attn {background-color: #D00}.stacktrace {white-space:pre;font-family:monospace}.totop {font-size:85%;text-align:center;border-bottom:2px solid #000}</style></head><body><table><tr><th>Test</th><th># Passed</th><th># Skipped</th><th># Failed</th><th>Time (ms)</th><th>Included Groups</th><th>Excluded Groups</th></tr><tr><th colspan="7">RegressionTest</th></tr><tr><td><a href="#t0">AdminLogin</a></td><td class="num">2</td><td class="num">0</td><td class="num">0</td><td class="num">77,240</td><td></td><td></td></tr><tr class="stripe"><td><a href="#t1">UserSignUP</a></td><td class="num">1</td><td class="num">0</td><td class="num">0</td><td class="num">17,118</td><td></td><td></td></tr><tr><td><a href="#t2">VerifySignUpEmail</a></td><td class="num">1</td><td class="num">0</td><td class="num">0</td><td class="num">39,542</td><td></td><td></td></tr><tr class="stripe"><td><a href="#t3">DeleteSignUpEmail</a></td><td class="num">1</td><td class="num">0</td><td class="num">0</td><td class="num">27,378</td><td></td><td></td></tr><tr><td><a href="#t4">LoginWithEmail</a></td><td class="num">1</td><td class="num">0</td><td class="num">0</td><td class="num">26,414</td><td></td><td></td></tr><tr class="stripe"><td><a href="#t5">UploadScreenplay</a></td><td class="num">0</td><td class="num">0</td><td class="num attn">1</td><td class="num">69,665</td><td></td><td></td></tr><tr><td><a href="#t6">SendConnectionRequest</a></td><td class="num">1</td><td class="num">0</td><td class="num">0</td><td class="num">30,525</td><td></td><td></td></tr><tr class="stripe"><td><a href="#t7">AcceptConnectionRequest</a></td><td class="num">0</td><td class="num">0</td><td class="num attn">1</td><td class="num">46,006</td><td></td><td></td></tr><tr><td><a href="#t8">VerifyConnectionRequestEmail</a></td><td class="num">0</td><td class="num">0</td><td class="num attn">1</td><td class="num">41,551</td><td></td><td></td></tr><tr class="stripe"><td><a href="#t9">ScreenplayShareToConnectedUser</a></td><td class="num">0</td><td class="num">0</td><td class="num attn">1</td><td class="num">58,204</td><td></td><td></td></tr><tr><td><a href="#t10">ReadScreenplaySharedToConnectedUser</a></td><td class="num">0</td><td class="num">0</td><td class="num attn">1</td><td class="num">18,454</td><td></td><td></td></tr><tr class="stripe"><td><a href="#t11">VerifyConnectionShareEmail</a></td><td class="num">1</td><td class="num">0</td><td class="num">0</td><td class="num">22,409</td><td></td><td></td></tr><tr><td><a href="#t12">SmartShare</a></td><td class="num">0</td><td class="num">0</td><td class="num attn">1</td><td class="num">63,775</td><td></td><td></td></tr><tr class="stripe"><td><a href="#t13">VerifySmartShareEmail</a></td><td class="num">1</td><td class="num">0</td><td class="num">0</td><td class="num">40,191</td><td></td><td></td></tr><tr><td><a href="#t14">LoginThroughFB</a></td><td class="num">1</td><td class="num">0</td><td class="num">0</td><td class="num">56,334</td><td></td><td></td></tr><tr class="stripe"><td><a href="#t15">LoginThroughTwitter</a></td><td class="num">1</td><td class="num">0</td><td class="num">0</td><td class="num">29,017</td><td></td><td></td></tr><tr><th>Total</th><th class="num">11</th><th class="num">0</th><th class="num attn">6</th><th class="num">663,823</th><th colspan="2"></th></tr></table><table><thead><tr><th>Class</th><th>Method</th><th>Start</th><th>Time (ms)</th></tr></thead><tbody><tr><th colspan="4">RegressionTest</th></tr></tbody><tbody id="t0"><tr><th colspan="4">AdminLogin &#8212; passed</th></tr><tr class="passedeven"><td rowspan="1">co.rchive.test.spec.adminpage.AdminLoginTest</td><td><a href="#m0">adminLoginTest</a></td><td rowspan="1">1497521654579</td><td rowspan="1">6506</td></tr><tr class="passedodd"><td rowspan="1">co.rchive.test.spec.adminpage.DeleteWritersTest</td><td><a href="#m1">delWriterTest</a></td><td rowspan="1">1497521674664</td><td rowspan="1">18553</td></tr></tbody><tbody id="t1"><tr><th colspan="4">UserSignUP &#8212; passed</th></tr><tr class="passedeven"><td rowspan="1">co.rchive.test.spec.beforelogin.SignUpTest</td><td><a href="#m2">SignUpWithEmail</a></td><td rowspan="1">1497521705278</td><td rowspan="1">5144</td></tr></tbody><tbody id="t2"><tr><th colspan="4">VerifySignUpEmail &#8212; passed</th></tr><tr class="passedeven"><td rowspan="1">co.rchive.test.spec.verifyemails.VerifySignUpEmailLinkTest</td><td><a href="#m3">verifyEmailforSignUp</a></td><td rowspan="1">1497521723302</td><td rowspan="1">24439</td></tr></tbody><tbody id="t3"><tr><th colspan="4">DeleteSignUpEmail &#8212; passed</th></tr><tr class="passedeven"><td rowspan="1">co.rchive.test.spec.verifyemails.DeleteSignUpEmailTest</td><td><a href="#m4">deleteEmailforSignUp</a></td><td rowspan="1">1497521761150</td><td rowspan="1">13826</td></tr></tbody><tbody id="t4"><tr><th colspan="4">LoginWithEmail &#8212; passed</th></tr><tr class="passedeven"><td rowspan="1">co.rchive.test.spec.beforelogin.LoginWithEmailTest</td><td><a href="#m5">loginWithEmail</a></td><td rowspan="1">1497521794713</td><td rowspan="1">9064</td></tr></tbody><tbody id="t5"><tr><th colspan="4">UploadScreenplay &#8212; failed</th></tr><tr class="failedeven"><td rowspan="1">co.rchive.test.spec.uploadscreenplay.UploadSidTest</td><td><a href="#m6">uploadSid</a></td><td rowspan="1">1497521815401</td><td rowspan="1">58027</td></tr></tbody><tbody id="t6"><tr><th colspan="4">SendConnectionRequest &#8212; passed</th></tr><tr class="passedeven"><td rowspan="1">co.rchive.test.spec.myconnections.SendConnectionRequestTest</td><td><a href="#m7">sendconnectionRequest</a></td><td rowspan="1">1497521885200</td><td rowspan="1">18890</td></tr></tbody><tbody id="t7"><tr><th colspan="4">AcceptConnectionRequest &#8212; failed</th></tr><tr class="failedeven"><td rowspan="1">co.rchive.test.spec.myconnections.AcceptConnectionRequestTest</td><td><a href="#m8">acceptConnectionReq</a></td><td rowspan="1">1497521917673</td><td rowspan="1">32422</td></tr></tbody><tbody id="t8"><tr><th colspan="4">VerifyConnectionRequestEmail &#8212; failed</th></tr><tr class="failedeven"><td rowspan="1">co.rchive.test.spec.verifyemails.VerifyConRequestEmailTest</td><td><a href="#m9">verifyEmailForConRequest</a></td><td rowspan="1">1497521978125</td><td rowspan="1">13602</td></tr></tbody><tbody id="t9"><tr><th colspan="4">ScreenplayShareToConnectedUser &#8212; failed</th></tr><tr class="failedeven"><td rowspan="1">co.rchive.test.spec.share.ShareToConnectedUserTest</td><td><a href="#m10">shareToConnectedUser</a></td><td rowspan="1">1497522004295</td><td rowspan="1">45764</td></tr></tbody><tbody id="t10"><tr><th colspan="4">ReadScreenplaySharedToConnectedUser &#8212; failed</th></tr><tr class="failedeven"><td rowspan="1">co.rchive.test.spec.share.ReadConnectionUserSharedScreenplayTest</td><td><a href="#m11">ReadConUserSharedScreen</a></td><td rowspan="1">1497522061356</td><td rowspan="1">7101</td></tr></tbody><tbody id="t11"><tr><th colspan="4">VerifyConnectionShareEmail &#8212; passed</th></tr><tr class="passedeven"><td rowspan="1">co.rchive.test.spec.verifyemails.VerifyConShareEmailTest</td><td><a href="#m12">verifyEmailForConShare</a></td><td rowspan="1">1497522074657</td><td rowspan="1">14211</td></tr></tbody><tbody id="t12"><tr><th colspan="4">SmartShare &#8212; failed</th></tr><tr class="failedeven"><td rowspan="1">co.rchive.test.spec.share.SmartShareTest</td><td><a href="#m13">smartShare</a></td><td rowspan="1">1497522106058</td><td rowspan="1">48750</td></tr></tbody><tbody id="t13"><tr><th colspan="4">VerifySmartShareEmail &#8212; passed</th></tr><tr class="passedeven"><td rowspan="1">co.rchive.test.spec.verifyemails.VerifySmartShareEmailLinkTest</td><td><a href="#m14">verifySmartShareLink</a></td><td rowspan="1">1497522161794</td><td rowspan="1">31916</td></tr></tbody><tbody id="t14"><tr><th colspan="4">LoginThroughFB &#8212; passed</th></tr><tr class="passedeven"><td rowspan="1">co.rchive.test.spec.loginFbAndTwitter.LoginWithFBTest</td><td><a href="#m15">loginWithFBandDashboardLinksTest</a></td><td rowspan="1">1497522208071</td><td rowspan="1">42476</td></tr></tbody><tbody id="t15"><tr><th colspan="4">LoginThroughTwitter &#8212; passed</th></tr><tr class="passedeven"><td rowspan="1">co.rchive.test.spec.loginFbAndTwitter.LoginWithTwitterTest</td><td><a href="#m16">twitterLogin</a></td><td rowspan="1">1497522264366</td><td rowspan="1">16109</td></tr></tbody></table><h2>AdminLogin</h2><h3 id="m0">co.rchive.test.spec.adminpage.AdminLoginTest#adminLoginTest</h3><table class="result"></table><p class="totop"><a href="#summary">back to summary</a></p><h3 id="m1">co.rchive.test.spec.adminpage.DeleteWritersTest#delWriterTest</h3><table class="result"></table><p class="totop"><a href="#summary">back to summary</a></p><h2>UserSignUP</h2><h3 id="m2">co.rchive.test.spec.beforelogin.SignUpTest#SignUpWithEmail</h3><table class="result"></table><p class="totop"><a href="#summary">back to summary</a></p><h2>VerifySignUpEmail</h2><h3 id="m3">co.rchive.test.spec.verifyemails.VerifySignUpEmailLinkTest#verifyEmailforSignUp</h3><table class="result"></table><p class="totop"><a href="#summary">back to summary</a></p><h2>DeleteSignUpEmail</h2><h3 id="m4">co.rchive.test.spec.verifyemails.DeleteSignUpEmailTest#deleteEmailforSignUp</h3><table class="result"></table><p class="totop"><a href="#summary">back to summary</a></p><h2>LoginWithEmail</h2><h3 id="m5">co.rchive.test.spec.beforelogin.LoginWithEmailTest#loginWithEmail</h3><table class="result"></table><p class="totop"><a href="#summary">back to summary</a></p><h2>UploadScreenplay</h2><h3 id="m6">co.rchive.test.spec.uploadscreenplay.UploadSidTest#uploadSid</h3><table class="result"><tr><th>Exception</th></tr><tr><td><div class="stacktrace">org.openqa.selenium.TimeoutException: Timed out after 20 seconds waiting for element to be clickable: Proxy element for: DefaultElementLocator &apos;By.xpath: (//div[@id=&apos;first-doc2&apos;])[1]&apos;
Build info: version: &apos;2.53.0&apos;, revision: &apos;35ae25b1534ae328c771e0856c93e187490ca824&apos;, time: &apos;2016-03-15 10:43:46&apos;
System info: host: &apos;ThinkPad-PC&apos;, ip: &apos;192.168.0.118&apos;, os.name: &apos;Windows 7&apos;, os.arch: &apos;amd64&apos;, os.version: &apos;6.1&apos;, java.version: &apos;1.8.0_60&apos;
Driver info: org.openqa.selenium.firefox.FirefoxDriver
Capabilities [{applicationCacheEnabled=true, rotatable=false, handlesAlerts=true, databaseEnabled=true, version=42.0, platform=WINDOWS, nativeEvents=false, acceptSslCerts=true, webStorageEnabled=true, locationContextEnabled=true, browserName=firefox, takesScreenshot=true, javascriptEnabled=true, cssSelectorsEnabled=true}]
Session ID: a839f931-84d8-47a8-aba7-4338e0b56fb6
	at org.openqa.selenium.support.ui.WebDriverWait.timeoutException(WebDriverWait.java:80)
	at org.openqa.selenium.support.ui.FluentWait.until(FluentWait.java:261)
	at co.rchive.util.Wait.waitForElementToBeClickable(Wait.java:30)
	at co.rchive.pages.userpages.DashBoardPage.selectSid(DashBoardPage.java:120)
	at co.rchive.spec.userpages.DashboardSpecDefinition.uploadSid(DashboardSpecDefinition.java:56)
	at co.rchive.test.spec.uploadscreenplay.UploadSidTest.uploadSid(UploadSidTest.java:25)
Caused by: org.openqa.selenium.NoSuchElementException: Unable to locate element: {&quot;method&quot;:&quot;xpath&quot;,&quot;selector&quot;:&quot;(//div[@id=&apos;first-doc2&apos;])[1]&quot;}
Command duration or timeout: 20.10 seconds
For documentation on this error, please visit: http://seleniumhq.org/exceptions/no_such_element.html
Build info: version: &apos;2.53.0&apos;, revision: &apos;35ae25b1534ae328c771e0856c93e187490ca824&apos;, time: &apos;2016-03-15 10:43:46&apos;
System info: host: &apos;ThinkPad-PC&apos;, ip: &apos;192.168.0.118&apos;, os.name: &apos;Windows 7&apos;, os.arch: &apos;amd64&apos;, os.version: &apos;6.1&apos;, java.version: &apos;1.8.0_60&apos;
Driver info: org.openqa.selenium.firefox.FirefoxDriver
Capabilities [{applicationCacheEnabled=true, rotatable=false, handlesAlerts=true, databaseEnabled=true, version=42.0, platform=WINDOWS, nativeEvents=false, acceptSslCerts=true, webStorageEnabled=true, locationContextEnabled=true, browserName=firefox, takesScreenshot=true, javascriptEnabled=true, cssSelectorsEnabled=true}]
Session ID: a839f931-84d8-47a8-aba7-4338e0b56fb6
*** Element info: {Using=xpath, value=(//div[@id=&apos;first-doc2&apos;])[1]}
	at org.openqa.selenium.remote.ErrorHandler.createThrowable(ErrorHandler.java:206)
	at org.openqa.selenium.remote.ErrorHandler.throwIfResponseFailed(ErrorHandler.java:158)
	at org.openqa.selenium.remote.RemoteWebDriver.execute(RemoteWebDriver.java:678)
	at org.openqa.selenium.remote.RemoteWebDriver.findElement(RemoteWebDriver.java:363)
	at org.openqa.selenium.remote.RemoteWebDriver.findElementByXPath(RemoteWebDriver.java:500)
	at org.openqa.selenium.By$ByXPath.findElement(By.java:361)
	at org.openqa.selenium.remote.RemoteWebDriver.findElement(RemoteWebDriver.java:355)
	at org.openqa.selenium.support.pagefactory.DefaultElementLocator.findElement(DefaultElementLocator.java:69)
	at org.openqa.selenium.support.pagefactory.internal.LocatingElementHandler.invoke(LocatingElementHandler.java:38)
	at com.sun.proxy.$Proxy9.isDisplayed(Unknown Source)
	at org.openqa.selenium.support.ui.ExpectedConditions.elementIfVisible(ExpectedConditions.java:302)
	at org.openqa.selenium.support.ui.ExpectedConditions.access$100(ExpectedConditions.java:41)
	at org.openqa.selenium.support.ui.ExpectedConditions$10.apply(ExpectedConditions.java:288)
	at org.openqa.selenium.support.ui.ExpectedConditions$10.apply(ExpectedConditions.java:285)
	at org.openqa.selenium.support.ui.ExpectedConditions$23.apply(ExpectedConditions.java:687)
	at org.openqa.selenium.support.ui.ExpectedConditions$23.apply(ExpectedConditions.java:680)
	at org.openqa.selenium.support.ui.FluentWait.until(FluentWait.java:238)
	... 31 more
Caused by: org.openqa.selenium.NoSuchElementException: Unable to locate element: {&quot;method&quot;:&quot;xpath&quot;,&quot;selector&quot;:&quot;(//div[@id=&apos;first-doc2&apos;])[1]&quot;}
For documentation on this error, please visit: http://seleniumhq.org/exceptions/no_such_element.html
Build info: version: &apos;2.53.0&apos;, revision: &apos;35ae25b1534ae328c771e0856c93e187490ca824&apos;, time: &apos;2016-03-15 10:43:46&apos;
System info: host: &apos;ThinkPad-PC&apos;, ip: &apos;192.168.0.118&apos;, os.name: &apos;Windows 7&apos;, os.arch: &apos;amd64&apos;, os.version: &apos;6.1&apos;, java.version: &apos;1.8.0_60&apos;
Driver info: driver.version: unknown
	at &lt;anonymous class&gt;.FirefoxDriver.prototype.findElementInternal_(file:///C:/Windows/TEMP/anonymous6239896903467001069webdriver-profile/extensions/fxdriver@googlecode.com/components/driver-component.js:10770)
	at &lt;anonymous class&gt;.fxdriver.Timer.prototype.setTimeout/&lt;.notify(file:///C:/Windows/TEMP/anonymous6239896903467001069webdriver-profile/extensions/fxdriver@googlecode.com/components/driver-component.js:625)
... Removed 31 stack frames</div></td></tr></table><p class="totop"><a href="#summary">back to summary</a></p><h2>SendConnectionRequest</h2><h3 id="m7">co.rchive.test.spec.myconnections.SendConnectionRequestTest#sendconnectionRequest</h3><table class="result"></table><p class="totop"><a href="#summary">back to summary</a></p><h2>AcceptConnectionRequest</h2><h3 id="m8">co.rchive.test.spec.myconnections.AcceptConnectionRequestTest#acceptConnectionReq</h3><table class="result"><tr><th>Exception</th></tr><tr><td><div class="stacktrace">org.openqa.selenium.StaleElementReferenceException: Element not found in the cache - perhaps the page has changed since it was looked up
Command duration or timeout: 23.58 seconds
For documentation on this error, please visit: http://seleniumhq.org/exceptions/stale_element_reference.html
Build info: version: &apos;2.53.0&apos;, revision: &apos;35ae25b1534ae328c771e0856c93e187490ca824&apos;, time: &apos;2016-03-15 10:43:46&apos;
System info: host: &apos;ThinkPad-PC&apos;, ip: &apos;192.168.0.118&apos;, os.name: &apos;Windows 7&apos;, os.arch: &apos;amd64&apos;, os.version: &apos;6.1&apos;, java.version: &apos;1.8.0_60&apos;
Driver info: org.openqa.selenium.firefox.FirefoxDriver
Capabilities [{applicationCacheEnabled=true, rotatable=false, handlesAlerts=true, databaseEnabled=true, version=42.0, platform=WINDOWS, nativeEvents=false, acceptSslCerts=true, webStorageEnabled=true, locationContextEnabled=true, browserName=firefox, takesScreenshot=true, javascriptEnabled=true, cssSelectorsEnabled=true}]
Session ID: bcc180d5-9a6d-4541-8920-9dad04b3ea5b
	at org.openqa.selenium.remote.ErrorHandler.createThrowable(ErrorHandler.java:206)
	at org.openqa.selenium.remote.ErrorHandler.throwIfResponseFailed(ErrorHandler.java:158)
	at org.openqa.selenium.remote.RemoteWebDriver.execute(RemoteWebDriver.java:678)
	at org.openqa.selenium.remote.RemoteWebElement.execute(RemoteWebElement.java:327)
	at org.openqa.selenium.remote.RemoteWebElement.getText(RemoteWebElement.java:179)
	at org.openqa.selenium.support.pagefactory.internal.LocatingElementHandler.invoke(LocatingElementHandler.java:51)
	at com.sun.proxy.$Proxy9.getText(Unknown Source)
	at co.rchive.pages.userpages.MyConnectionsPage.isCurrentMyConnectionsWin(MyConnectionsPage.java:79)
	at co.rchive.pages.userpages.MyConnectionsPage.checkRecievedConnectionStatus(MyConnectionsPage.java:165)
	at co.rchive.spec.userpages.MyConnectionSpecDefinition.acceptConnecctionReq(MyConnectionSpecDefinition.java:36)
	at co.rchive.test.spec.myconnections.AcceptConnectionRequestTest.acceptConnectionReq(AcceptConnectionRequestTest.java:27)
Caused by: org.openqa.selenium.StaleElementReferenceException: Element not found in the cache - perhaps the page has changed since it was looked up
For documentation on this error, please visit: http://seleniumhq.org/exceptions/stale_element_reference.html
Build info: version: &apos;2.53.0&apos;, revision: &apos;35ae25b1534ae328c771e0856c93e187490ca824&apos;, time: &apos;2016-03-15 10:43:46&apos;
System info: host: &apos;ThinkPad-PC&apos;, ip: &apos;192.168.0.118&apos;, os.name: &apos;Windows 7&apos;, os.arch: &apos;amd64&apos;, os.version: &apos;6.1&apos;, java.version: &apos;1.8.0_60&apos;
Driver info: driver.version: unknown
	at &lt;anonymous class&gt;.fxdriver.cache.getElementAt(resource://fxdriver/modules/web-element-cache.js:9454)
	at &lt;anonymous class&gt;.Utils.getElementAt(file:///C:/Windows/TEMP/anonymous2381886313315488088webdriver-profile/extensions/fxdriver@googlecode.com/components/command-processor.js:9039)
	at &lt;anonymous class&gt;.WebElement.getElementText(file:///C:/Windows/TEMP/anonymous2381886313315488088webdriver-profile/extensions/fxdriver@googlecode.com/components/command-processor.js:12092)
	at &lt;anonymous class&gt;.DelayedCommand.prototype.executeInternal_/h(file:///C:/Windows/TEMP/anonymous2381886313315488088webdriver-profile/extensions/fxdriver@googlecode.com/components/command-processor.js:12661)
	at &lt;anonymous class&gt;.fxdriver.Timer.prototype.setTimeout/&lt;.notify(file:///C:/Windows/TEMP/anonymous2381886313315488088webdriver-profile/extensions/fxdriver@googlecode.com/components/command-processor.js:625)
... Removed 34 stack frames</div></td></tr></table><p class="totop"><a href="#summary">back to summary</a></p><h2>VerifyConnectionRequestEmail</h2><h3 id="m9">co.rchive.test.spec.verifyemails.VerifyConRequestEmailTest#verifyEmailForConRequest</h3><table class="result"><tr><th>Exception</th></tr><tr><td><div class="stacktrace">java.lang.AssertionError: expected [true] but found [false]
	at co.rchive.spec.verifyemails.VerifyEmailSpecDefinition.verifyRchiveConRequestMail(VerifyEmailSpecDefinition.java:57)
	at co.rchive.test.spec.verifyemails.VerifyConRequestEmailTest.verifyEmailForConRequest(VerifyConRequestEmailTest.java:24)
... Removed 31 stack frames</div></td></tr></table><p class="totop"><a href="#summary">back to summary</a></p><h2>ScreenplayShareToConnectedUser</h2><h3 id="m10">co.rchive.test.spec.share.ShareToConnectedUserTest#shareToConnectedUser</h3><table class="result"><tr><th>Exception</th></tr><tr><td><div class="stacktrace">org.openqa.selenium.TimeoutException: Timed out after 20 seconds waiting for element to be clickable: Proxy element for: DefaultElementLocator &apos;By.xpath: (//div[@id=&apos;first-doc2&apos;])[1]&apos;
Build info: version: &apos;2.53.0&apos;, revision: &apos;35ae25b1534ae328c771e0856c93e187490ca824&apos;, time: &apos;2016-03-15 10:43:46&apos;
System info: host: &apos;ThinkPad-PC&apos;, ip: &apos;192.168.0.118&apos;, os.name: &apos;Windows 7&apos;, os.arch: &apos;amd64&apos;, os.version: &apos;6.1&apos;, java.version: &apos;1.8.0_60&apos;
Driver info: org.openqa.selenium.firefox.FirefoxDriver
Capabilities [{applicationCacheEnabled=true, rotatable=false, handlesAlerts=true, databaseEnabled=true, version=42.0, platform=WINDOWS, nativeEvents=false, acceptSslCerts=true, webStorageEnabled=true, locationContextEnabled=true, browserName=firefox, takesScreenshot=true, javascriptEnabled=true, cssSelectorsEnabled=true}]
Session ID: 192cc045-843a-4d24-8b87-f64bd8307300
	at org.openqa.selenium.support.ui.WebDriverWait.timeoutException(WebDriverWait.java:80)
	at org.openqa.selenium.support.ui.FluentWait.until(FluentWait.java:261)
	at co.rchive.util.Wait.waitForElementToBeClickable(Wait.java:30)
	at co.rchive.pages.userpages.DashBoardPage.selectSid(DashBoardPage.java:120)
	at co.rchive.spec.userpages.DashboardSpecDefinition.selectScreenplay(DashboardSpecDefinition.java:39)
	at co.rchive.spec.userpages.ShareSpecDefinition.selectScreenPlay(ShareSpecDefinition.java:38)
	at co.rchive.test.spec.share.ShareToConnectedUserTest.shareToConnectedUser(ShareToConnectedUserTest.java:29)
Caused by: org.openqa.selenium.NoSuchElementException: Unable to locate element: {&quot;method&quot;:&quot;xpath&quot;,&quot;selector&quot;:&quot;(//div[@id=&apos;first-doc2&apos;])[1]&quot;}
Command duration or timeout: 20.05 seconds
For documentation on this error, please visit: http://seleniumhq.org/exceptions/no_such_element.html
Build info: version: &apos;2.53.0&apos;, revision: &apos;35ae25b1534ae328c771e0856c93e187490ca824&apos;, time: &apos;2016-03-15 10:43:46&apos;
System info: host: &apos;ThinkPad-PC&apos;, ip: &apos;192.168.0.118&apos;, os.name: &apos;Windows 7&apos;, os.arch: &apos;amd64&apos;, os.version: &apos;6.1&apos;, java.version: &apos;1.8.0_60&apos;
Driver info: org.openqa.selenium.firefox.FirefoxDriver
Capabilities [{applicationCacheEnabled=true, rotatable=false, handlesAlerts=true, databaseEnabled=true, version=42.0, platform=WINDOWS, nativeEvents=false, acceptSslCerts=true, webStorageEnabled=true, locationContextEnabled=true, browserName=firefox, takesScreenshot=true, javascriptEnabled=true, cssSelectorsEnabled=true}]
Session ID: 192cc045-843a-4d24-8b87-f64bd8307300
*** Element info: {Using=xpath, value=(//div[@id=&apos;first-doc2&apos;])[1]}
	at org.openqa.selenium.remote.ErrorHandler.createThrowable(ErrorHandler.java:206)
	at org.openqa.selenium.remote.ErrorHandler.throwIfResponseFailed(ErrorHandler.java:158)
	at org.openqa.selenium.remote.RemoteWebDriver.execute(RemoteWebDriver.java:678)
	at org.openqa.selenium.remote.RemoteWebDriver.findElement(RemoteWebDriver.java:363)
	at org.openqa.selenium.remote.RemoteWebDriver.findElementByXPath(RemoteWebDriver.java:500)
	at org.openqa.selenium.By$ByXPath.findElement(By.java:361)
	at org.openqa.selenium.remote.RemoteWebDriver.findElement(RemoteWebDriver.java:355)
	at org.openqa.selenium.support.pagefactory.DefaultElementLocator.findElement(DefaultElementLocator.java:69)
	at org.openqa.selenium.support.pagefactory.internal.LocatingElementHandler.invoke(LocatingElementHandler.java:38)
	at com.sun.proxy.$Proxy9.isDisplayed(Unknown Source)
	at org.openqa.selenium.support.ui.ExpectedConditions.elementIfVisible(ExpectedConditions.java:302)
	at org.openqa.selenium.support.ui.ExpectedConditions.access$100(ExpectedConditions.java:41)
	at org.openqa.selenium.support.ui.ExpectedConditions$10.apply(ExpectedConditions.java:288)
	at org.openqa.selenium.support.ui.ExpectedConditions$10.apply(ExpectedConditions.java:285)
	at org.openqa.selenium.support.ui.ExpectedConditions$23.apply(ExpectedConditions.java:687)
	at org.openqa.selenium.support.ui.ExpectedConditions$23.apply(ExpectedConditions.java:680)
	at org.openqa.selenium.support.ui.FluentWait.until(FluentWait.java:238)
	... 32 more
Caused by: org.openqa.selenium.NoSuchElementException: Unable to locate element: {&quot;method&quot;:&quot;xpath&quot;,&quot;selector&quot;:&quot;(//div[@id=&apos;first-doc2&apos;])[1]&quot;}
For documentation on this error, please visit: http://seleniumhq.org/exceptions/no_such_element.html
Build info: version: &apos;2.53.0&apos;, revision: &apos;35ae25b1534ae328c771e0856c93e187490ca824&apos;, time: &apos;2016-03-15 10:43:46&apos;
System info: host: &apos;ThinkPad-PC&apos;, ip: &apos;192.168.0.118&apos;, os.name: &apos;Windows 7&apos;, os.arch: &apos;amd64&apos;, os.version: &apos;6.1&apos;, java.version: &apos;1.8.0_60&apos;
Driver info: driver.version: unknown
	at &lt;anonymous class&gt;.FirefoxDriver.prototype.findElementInternal_(file:///C:/Windows/TEMP/anonymous4116577739490171885webdriver-profile/extensions/fxdriver@googlecode.com/components/driver-component.js:10770)
	at &lt;anonymous class&gt;.fxdriver.Timer.prototype.setTimeout/&lt;.notify(file:///C:/Windows/TEMP/anonymous4116577739490171885webdriver-profile/extensions/fxdriver@googlecode.com/components/driver-component.js:625)
... Removed 31 stack frames</div></td></tr></table><p class="totop"><a href="#summary">back to summary</a></p><h2>ReadScreenplaySharedToConnectedUser</h2><h3 id="m11">co.rchive.test.spec.share.ReadConnectionUserSharedScreenplayTest#ReadConUserSharedScreen</h3><table class="result"><tr><th>Exception</th></tr><tr><td><div class="stacktrace">java.lang.ArrayIndexOutOfBoundsException: 1
	at co.rchive.pages.userpages.DashBoardPage.readSharedScreenplayThroughNotification(DashBoardPage.java:232)
	at co.rchive.spec.userpages.DashboardSpecDefinition.readConSharedScreenplay(DashboardSpecDefinition.java:31)
	at co.rchive.test.spec.share.ReadConnectionUserSharedScreenplayTest.ReadConUserSharedScreen(ReadConnectionUserSharedScreenplayTest.java:26)
... Removed 27 stack frames</div></td></tr></table><p class="totop"><a href="#summary">back to summary</a></p><h2>VerifyConnectionShareEmail</h2><h3 id="m12">co.rchive.test.spec.verifyemails.VerifyConShareEmailTest#verifyEmailForConShare</h3><table class="result"></table><p class="totop"><a href="#summary">back to summary</a></p><h2>SmartShare</h2><h3 id="m13">co.rchive.test.spec.share.SmartShareTest#smartShare</h3><table class="result"><tr><th>Exception</th></tr><tr><td><div class="stacktrace">org.openqa.selenium.TimeoutException: Timed out after 20 seconds waiting for element to be clickable: Proxy element for: DefaultElementLocator &apos;By.xpath: (//div[@id=&apos;first-doc2&apos;])[1]&apos;
Build info: version: &apos;2.53.0&apos;, revision: &apos;35ae25b1534ae328c771e0856c93e187490ca824&apos;, time: &apos;2016-03-15 10:43:46&apos;
System info: host: &apos;ThinkPad-PC&apos;, ip: &apos;192.168.0.118&apos;, os.name: &apos;Windows 7&apos;, os.arch: &apos;amd64&apos;, os.version: &apos;6.1&apos;, java.version: &apos;1.8.0_60&apos;
Driver info: org.openqa.selenium.firefox.FirefoxDriver
Capabilities [{applicationCacheEnabled=true, rotatable=false, handlesAlerts=true, databaseEnabled=true, version=42.0, platform=WINDOWS, nativeEvents=false, acceptSslCerts=true, webStorageEnabled=true, locationContextEnabled=true, browserName=firefox, takesScreenshot=true, javascriptEnabled=true, cssSelectorsEnabled=true}]
Session ID: 04e240d5-d5a0-4fe4-aa9a-a49b4796b30c
	at org.openqa.selenium.support.ui.WebDriverWait.timeoutException(WebDriverWait.java:80)
	at org.openqa.selenium.support.ui.FluentWait.until(FluentWait.java:261)
	at co.rchive.util.Wait.waitForElementToBeClickable(Wait.java:30)
	at co.rchive.pages.userpages.DashBoardPage.selectSid(DashBoardPage.java:120)
	at co.rchive.spec.userpages.DashboardSpecDefinition.selectScreenplay(DashboardSpecDefinition.java:39)
	at co.rchive.spec.userpages.ShareSpecDefinition.selectScreenPlay(ShareSpecDefinition.java:38)
	at co.rchive.test.spec.share.SmartShareTest.smartShare(SmartShareTest.java:28)
Caused by: org.openqa.selenium.NoSuchElementException: Unable to locate element: {&quot;method&quot;:&quot;xpath&quot;,&quot;selector&quot;:&quot;(//div[@id=&apos;first-doc2&apos;])[1]&quot;}
Command duration or timeout: 20.07 seconds
For documentation on this error, please visit: http://seleniumhq.org/exceptions/no_such_element.html
Build info: version: &apos;2.53.0&apos;, revision: &apos;35ae25b1534ae328c771e0856c93e187490ca824&apos;, time: &apos;2016-03-15 10:43:46&apos;
System info: host: &apos;ThinkPad-PC&apos;, ip: &apos;192.168.0.118&apos;, os.name: &apos;Windows 7&apos;, os.arch: &apos;amd64&apos;, os.version: &apos;6.1&apos;, java.version: &apos;1.8.0_60&apos;
Driver info: org.openqa.selenium.firefox.FirefoxDriver
Capabilities [{applicationCacheEnabled=true, rotatable=false, handlesAlerts=true, databaseEnabled=true, version=42.0, platform=WINDOWS, nativeEvents=false, acceptSslCerts=true, webStorageEnabled=true, locationContextEnabled=true, browserName=firefox, takesScreenshot=true, javascriptEnabled=true, cssSelectorsEnabled=true}]
Session ID: 04e240d5-d5a0-4fe4-aa9a-a49b4796b30c
*** Element info: {Using=xpath, value=(//div[@id=&apos;first-doc2&apos;])[1]}
	at org.openqa.selenium.remote.ErrorHandler.createThrowable(ErrorHandler.java:206)
	at org.openqa.selenium.remote.ErrorHandler.throwIfResponseFailed(ErrorHandler.java:158)
	at org.openqa.selenium.remote.RemoteWebDriver.execute(RemoteWebDriver.java:678)
	at org.openqa.selenium.remote.RemoteWebDriver.findElement(RemoteWebDriver.java:363)
	at org.openqa.selenium.remote.RemoteWebDriver.findElementByXPath(RemoteWebDriver.java:500)
	at org.openqa.selenium.By$ByXPath.findElement(By.java:361)
	at org.openqa.selenium.remote.RemoteWebDriver.findElement(RemoteWebDriver.java:355)
	at org.openqa.selenium.support.pagefactory.DefaultElementLocator.findElement(DefaultElementLocator.java:69)
	at org.openqa.selenium.support.pagefactory.internal.LocatingElementHandler.invoke(LocatingElementHandler.java:38)
	at com.sun.proxy.$Proxy9.isDisplayed(Unknown Source)
	at org.openqa.selenium.support.ui.ExpectedConditions.elementIfVisible(ExpectedConditions.java:302)
	at org.openqa.selenium.support.ui.ExpectedConditions.access$100(ExpectedConditions.java:41)
	at org.openqa.selenium.support.ui.ExpectedConditions$10.apply(ExpectedConditions.java:288)
	at org.openqa.selenium.support.ui.ExpectedConditions$10.apply(ExpectedConditions.java:285)
	at org.openqa.selenium.support.ui.ExpectedConditions$23.apply(ExpectedConditions.java:687)
	at org.openqa.selenium.support.ui.ExpectedConditions$23.apply(ExpectedConditions.java:680)
	at org.openqa.selenium.support.ui.FluentWait.until(FluentWait.java:238)
	... 32 more
Caused by: org.openqa.selenium.NoSuchElementException: Unable to locate element: {&quot;method&quot;:&quot;xpath&quot;,&quot;selector&quot;:&quot;(//div[@id=&apos;first-doc2&apos;])[1]&quot;}
For documentation on this error, please visit: http://seleniumhq.org/exceptions/no_such_element.html
Build info: version: &apos;2.53.0&apos;, revision: &apos;35ae25b1534ae328c771e0856c93e187490ca824&apos;, time: &apos;2016-03-15 10:43:46&apos;
System info: host: &apos;ThinkPad-PC&apos;, ip: &apos;192.168.0.118&apos;, os.name: &apos;Windows 7&apos;, os.arch: &apos;amd64&apos;, os.version: &apos;6.1&apos;, java.version: &apos;1.8.0_60&apos;
Driver info: driver.version: unknown
	at &lt;anonymous class&gt;.FirefoxDriver.prototype.findElementInternal_(file:///C:/Windows/TEMP/anonymous2016850576127552426webdriver-profile/extensions/fxdriver@googlecode.com/components/driver-component.js:10770)
	at &lt;anonymous class&gt;.fxdriver.Timer.prototype.setTimeout/&lt;.notify(file:///C:/Windows/TEMP/anonymous2016850576127552426webdriver-profile/extensions/fxdriver@googlecode.com/components/driver-component.js:625)
... Removed 31 stack frames</div></td></tr></table><p class="totop"><a href="#summary">back to summary</a></p><h2>VerifySmartShareEmail</h2><h3 id="m14">co.rchive.test.spec.verifyemails.VerifySmartShareEmailLinkTest#verifySmartShareLink</h3><table class="result"></table><p class="totop"><a href="#summary">back to summary</a></p><h2>LoginThroughFB</h2><h3 id="m15">co.rchive.test.spec.loginFbAndTwitter.LoginWithFBTest#loginWithFBandDashboardLinksTest</h3><table class="result"></table><p class="totop"><a href="#summary">back to summary</a></p><h2>LoginThroughTwitter</h2><h3 id="m16">co.rchive.test.spec.loginFbAndTwitter.LoginWithTwitterTest#twitterLogin</h3><table class="result"></table><p class="totop"><a href="#summary">back to summary</a></p></body></html>