<?xml version="1.0" encoding="UTF-8"?>
<!-- Generated by org.testng.reporters.JUnitXMLReporter -->
<testsuite hostname="ThinkPad-PC" name="TestSuite" tests="5" failures="2" timestamp="4 Jan 2017 07:21:38 GMT" time="96.95" errors="0">
  <testcase name="adminLoginTest" time="3.672" classname="co.rchive.test.spec.adminpage.AdminLoginTest"/>
  <testcase name="delWriterTest" time="32.434" classname="co.rchive.test.spec.adminpage.DeleteWritersTest"/>
  <testcase name="SignUpWithEmail" time="11.566" classname="co.rchive.test.spec.beforelogin.SignUpTest"/>
  <testcase name="verifyEmailforSignUp" time="0.034" classname="co.rchive.test.spec.verifyemails.VerifySignUpEmailLinkTest">
    <failure type="java.lang.NullPointerException">
      <![CDATA[java.lang.NullPointerException
	at com.google.common.base.Preconditions.checkNotNull(Preconditions.java:212)
	at org.openqa.selenium.support.ui.FluentWait.<init>(FluentWait.java:102)
	at org.openqa.selenium.support.ui.WebDriverWait.<init>(WebDriverWait.java:71)
	at org.openqa.selenium.support.ui.WebDriverWait.<init>(WebDriverWait.java:45)
	at co.rchive.util.Wait.waitForElementToBeVisible(Wait.java:17)
	at co.rchive.pages.verifyemailspages.RchiveEmailVerificationForSignUp.checkGmailLoginPane(RchiveEmailVerificationForSignUp.java:61)
	at co.rchive.spec.verifyemails.VerifyEmailSpecDefinition.loginToUserEmail(VerifyEmailSpecDefinition.java:23)
	at co.rchive.test.spec.verifyemails.VerifySignUpEmailLinkTest.verifyEmailforSignUp(VerifySignUpEmailLinkTest.java:25)
... Removed 25 stack frames]]>
    </failure>
  </testcase> <!-- verifyEmailforSignUp -->
  <testcase name="loginWithEmail" time="0.004" classname="co.rchive.test.spec.beforelogin.LoginWithEmailTest">
    <failure type="java.lang.NullPointerException">
      <![CDATA[java.lang.NullPointerException
	at com.google.common.base.Preconditions.checkNotNull(Preconditions.java:212)
	at org.openqa.selenium.support.ui.FluentWait.<init>(FluentWait.java:102)
	at org.openqa.selenium.support.ui.WebDriverWait.<init>(WebDriverWait.java:71)
	at org.openqa.selenium.support.ui.WebDriverWait.<init>(WebDriverWait.java:45)
	at co.rchive.util.Wait.waitForElementToBeClickable(Wait.java:23)
	at co.rchive.pages.beforeloginpages.HomePage.isHomePage(HomePage.java:40)
	at co.rchive.spec.beforelogin.BeforeLoginSpecDefinition.loginWithEmail(BeforeLoginSpecDefinition.java:29)
	at co.rchive.test.spec.beforelogin.LoginWithEmailTest.loginWithEmail(LoginWithEmailTest.java:27)
... Removed 25 stack frames]]>
    </failure>
  </testcase> <!-- loginWithEmail -->
</testsuite> <!-- TestSuite -->
