<?xml version="1.0" encoding="UTF-8"?>
<!-- Generated by org.testng.reporters.JUnitXMLReporter -->
<testsuite hostname="ThinkPad-PC" ignored="0" name="TestSuite11" tests="1" failures="1" timestamp="08 Feb 2017 07:23:47 GMT" time="46.968" errors="0">
  <testcase name="smartShare" time="29.634" classname="co.rchive.test.spec.share.SmartShareTest">
    <failure type="java.lang.AssertionError">
      <![CDATA[java.lang.AssertionError: 
	at co.rchive.spec.userpages.ShareSpecDefinition.goToShareWindowAndSmartShare(ShareSpecDefinition.java:54)
	at co.rchive.test.spec.share.SmartShareTest.smartShare(SmartShareTest.java:26)
... Removed 28 stack frames]]>
    </failure>
  </testcase> <!-- smartShare -->
</testsuite> <!-- TestSuite11 -->
