<?xml version="1.0" encoding="UTF-8"?>
<!-- Generated by org.testng.reporters.JUnitXMLReporter -->
<testsuite hostname="ThinkPad-PC" ignored="0" name="TestSuite9" tests="1" failures="1" timestamp="08 Feb 2017 07:22:21 GMT" time="53.665" errors="0">
  <testcase name="shareToConnectedUser" time="27.445" classname="co.rchive.test.spec.share.ShareToConnectedUserTest">
    <failure type="java.lang.AssertionError">
      <![CDATA[java.lang.AssertionError: 
	at co.rchive.spec.userpages.ShareSpecDefinition.goToShareWindowAndShareToConnectedUser(ShareSpecDefinition.java:43)
	at co.rchive.test.spec.share.ShareToConnectedUserTest.shareToConnectedUser(ShareToConnectedUserTest.java:26)
... Removed 28 stack frames]]>
    </failure>
  </testcase> <!-- shareToConnectedUser -->
</testsuite> <!-- TestSuite9 -->
